<?xml version="1.0" encoding="UTF-8"?>
<!-- Generated by org.testng.reporters.JUnitReportReporter -->
<testsuite hostname="DESKTOP-5SRPD8A" failures="0" tests="1" name="testng_tutorial.Day2" time="0.003" errors="0" timestamp="2022-04-06T20:18:50 SGT" skipped="0">
  <testcase classname="testng_tutorial.Day2" name="print" time="0.003"/>
  <system-out/>
</testsuite> <!-- testng_tutorial.Day2 -->
