<?xml version="1.0" encoding="UTF-8"?>
<!-- Generated by org.testng.reporters.JUnitReportReporter -->
<testsuite hostname="DESKTOP-5SRPD8A" failures="0" tests="3" name="testng_tutorial.prioritizing" time="0.009" errors="0" timestamp="2022-04-06T15:18:41 SGT" skipped="0">
  <testcase classname="testng_tutorial.prioritizing" name="apiLogin" time="0.006"/>
  <system-out/>
  <testcase classname="testng_tutorial.prioritizing" name="mobileLogin" time="0.002"/>
  <system-out/>
  <testcase classname="testng_tutorial.prioritizing" name="webLogin" time="0.001"/>
  <system-out/>
</testsuite> <!-- testng_tutorial.prioritizing -->
