<?xml version="1.0" encoding="UTF-8"?>
<!-- Generated by org.testng.reporters.JUnitReportReporter -->
<testsuite hostname="DESKTOP-5SRPD8A" failures="0" tests="2" name="testng_tutorial.Day1" time="0.001" errors="0" timestamp="2022-04-06T20:18:50 SGT" skipped="1">
  <testcase classname="testng_tutorial.Day1" name="demo2" time="0.001"/>
  <system-out/>
  <testcase classname="testng_tutorial.Day1" name="demo">
    <skipped/>
  </testcase> <!-- demo -->
  <system-out/>
</testsuite> <!-- testng_tutorial.Day1 -->
